Setup completed
{
    "timestamp": "2022:07:31 18:29:56",
    "request": {
        "source": "BBC Technology",
        "url": "http://news.bbc.co.uk/go/click/rss/0.91/public/-/2/hi/business/4144939.stm",
        "title": "System gremlins resolved at HSBC",
        "description": "Computer glitches which led to chaos for HSBC customers on Monday are fixed, the High Street bank confirms."
    },
    "prediction": {
        "Business": 0.24155976327555914,
        "Entertainment": 0.28591468826656574,
        "Health": 0.050942249361653515,
        "Music Feeds": 0.004795197096608155,
        "Sci/Tech": 0.3176441839402657,
        "Software and Developement": 0.012264687098151953,
        "Sports": 0.07886600422508995,
        "Toons": 0.00801322673610569
    },
    "output label": "Sci/Tech",
    "latency": "93 ms"
}
{
    "timestamp": "2022:07:31 18:30:23",
    "request": {
        "source": "Yahoo World",
        "url": "http://us.rd.yahoo.com/dailynews/rss/world/*http://story.news.yahoo.com/news?tmpl=story2u=/nm/20050104/bs_nm/markets_stocks_us_europe_dc",
        "title": "Wall Street Set to Open Firmer (Reuters)",
        "description": "Reuters - Wall Street was set to start higher on Tuesday to recoup some of the prior session's losses, though high-profile retailer Amazon.com  may come under pressure after a broker downgrade."
    },
    "prediction": {
        "Business": 0.851506365030251,
        "Entertainment": 0.11017106965511288,
        "Health": 0.0081316629667892,
        "Music Feeds": 0.0012773929258781819,
        "Sci/Tech": 0.012798934031219972,
        "Software and Developement": 0.0032402158531027233,
        "Sports": 0.011358905334753625,
        "Toons": 0.0015154542028924043
    },
    "output label": "Business",
    "latency": "155 ms"
}
{
    "timestamp": "2022:07:31 18:30:42",
    "request": {
        "source": "New York Times",
        "url": "",
        "title": "Weis chooses not to make pickoff",
        "description": "Bill Belichick won't have to worry about Charlie Weis raiding his coaching staff for Notre Dame. But we'll have to see whether new Miami Dolphins coach Nick Saban has an eye on any of his former assistants."
    },
    "prediction": {
        "Business": 0.12398853596501531,
        "Entertainment": 0.12624808649242428,
        "Health": 0.0463341997309413,
        "Music Feeds": 0.003992990774923391,
        "Sci/Tech": 0.06495919783015859,
        "Software and Developement": 0.008678708304498956,
        "Sports": 0.6198558781653903,
        "Toons": 0.00594240273664799
    },
    "output label": "Sports",
    "latency": "168 ms"
}
{
    "timestamp": "2022:07:31 18:31:16",
    "request": {
        "source": "Boston Globe",
        "url": "http://www.boston.com/business/articles/2005/01/04/mike_wallace_subpoenaed?rss_id=BostonGlobe--BusinessNews",
        "title": "Mike Wallace subpoenaed",
        "description": "Richard Scrushy once sat down to talk with 60 Minutes correspondent Mike Wallace about allegations that Scrushy started a huge fraud while chief executive of rehabilitation giant HealthSouth Corp. Now, Scrushy wants Wallace to do the talking."
    },
    "prediction": {
        "Business": 0.2350895932059043,
        "Entertainment": 0.5724816792259075,
        "Health": 0.08239569289994794,
        "Music Feeds": 0.0037010184223597283,
        "Sci/Tech": 0.039233977115620954,
        "Software and Developement": 0.009537955307818738,
        "Sports": 0.051965597833151786,
        "Toons": 0.005594485989289044
    },
    "output label": "Entertainment",
    "latency": "139 ms"
}
{
    "timestamp": "2022:07:31 18:31:40",
    "request": {
        "source": "Reuters World",
        "url": "http://www.reuters.com/newsArticle.jhtml?type=worldNewsstoryID=7228962",
        "title": "Peru Arrests Siege Leader, to Storm Police Post",
        "description": "LIMA, Peru (Reuters) - Peruvian authorities arrested a former army major who led a three-day uprising in a southern  Andean town and will storm the police station where some of his  200 supporters remain unless they surrender soon, Prime  Minister Carlos Ferrero said on Tuesday."
    },
    "prediction": {
        "Business": 0.0852775454177292,
        "Entertainment": 0.679773752412357,
        "Health": 0.04504792818037113,
        "Music Feeds": 0.005276278827885484,
        "Sci/Tech": 0.10432602242379124,
        "Software and Developement": 0.012950570098187557,
        "Sports": 0.05888275785596498,
        "Toons": 0.008465144783713404
    },
    "output label": "Entertainment",
    "latency": "244 ms"
}
{
    "timestamp": "2022:07:31 18:32:02",
    "request": {
        "source": "The Washington Post",
        "url": "http://www.washingtonpost.com/wp-dyn/articles/A46063-2005Jan3.html?nav=rss_sports",
        "title": "Ruffin Fills Key Role",
        "description": "With power forward Etan Thomas having missed the entire season, reserve forward Michael Ruffin has done well in taking his place."
    },
    "prediction": {
        "Business": 0.03922357874948647,
        "Entertainment": 0.057463560587050655,
        "Health": 0.025466889137835465,
        "Music Feeds": 0.0034643011995619012,
        "Sci/Tech": 0.04875770885995371,
        "Software and Developement": 0.007360494327645816,
        "Sports": 0.8142146317453681,
        "Toons": 0.00404883539309761
    },
    "output label": "Sports",
    "latency": "165 ms"
}
Shutting down applicaiton
